Rc files read:
  NONE
Latexmk: This is Latexmk, John Collins, 15 June 2025. Version 4.87.
No existing .aux file, so I'll make a simple one, and require run of *latex.
Latexmk: applying rule 'pdflatex'...
Rule 'pdflatex':  Reasons for rerun
Category 'other':
  Rerun of 'pdflatex' forced or previously required:
    Reason or flag: 'Initial setup'

------------
Run number 1 of rule 'pdflatex'
------------
------------
Running 'pdflatex  -file-line-error -interaction=nonstopmode -recorder  "/tmp/tmpiq52xnei/tmpu_plodjn"'
------------
This is pdfTeX, Version 3.141592653-2.6-1.40.28 (TeX Live 2025) (preloaded format=pdflatex)
 restricted \write18 enabled.
entering extended mode
(/tmp/tmpiq52xnei/tmpu_plodjn
LaTeX2e <2025-06-01> patch level 1
L3 programming layer <2025-06-30>
(/home/yuwenhan/Software/texlive/2025/texmf-dist/tex/latex/base/article.cls
Document Class: article 2025/01/22 v1.4n Standard LaTeX document class
(/home/yuwenhan/Software/texlive/2025/texmf-dist/tex/latex/base/size10.clo)) (/home/yuwenhan/Software/texlive/2025/texmf-dist/tex/latex/amsmath/amsmath.sty
For additional information on amsmath, use the `?' option.
(/home/yuwenhan/Software/texlive/2025/texmf-dist/tex/latex/amsmath/amstext.sty (/home/yuwenhan/Software/texlive/2025/texmf-dist/tex/latex/amsmath/amsgen.sty)) (/home/yuwenhan/Software/texlive/2025/texmf-dist/tex/latex/amsmath/amsbsy.sty) (/home/yuwenhan/Software/texlive/2025/texmf-dist/tex/latex/amsmath/amsopn.sty)) (/home/yuwenhan/Software/texlive/2025/texmf-dist/tex/latex/amsfonts/amssymb.sty (/home/yuwenhan/Software/texlive/2025/texmf-dist/tex/latex/amsfonts/amsfonts.sty)) (/home/yuwenhan/Software/texlive/2025/texmf-dist/tex/latex/graphics/graphicx.sty (/home/yuwenhan/Software/texlive/2025/texmf-dist/tex/latex/graphics/keyval.sty) (/home/yuwenhan/Software/texlive/2025/texmf-dist/tex/latex/graphics/graphics.sty (/home/yuwenhan/Software/texlive/2025/texmf-dist/tex/latex/graphics/trig.sty) (/home/yuwenhan/Software/texlive/2025/texmf-dist/tex/latex/graphics-cfg/graphics.cfg) (/home/yuwenhan/Software/texlive/2025/texmf-dist/tex/latex/graphics-def/pdftex.def)))
(/home/yuwenhan/Software/texlive/2025/texmf-dist/tex/latex/l3backend/l3backend-pdftex.def) (./tmpu_plodjn.aux) (/home/yuwenhan/Software/texlive/2025/texmf-dist/tex/context/base/mkii/supp-pdf.mkii
[Loading MPS to PDF converter (version 2006.09.02).]
) (/home/yuwenhan/Software/texlive/2025/texmf-dist/tex/latex/epstopdf-pkg/epstopdf-base.sty (/home/yuwenhan/Software/texlive/2025/texmf-dist/tex/latex/latexconfig/epstopdf-sys.cfg)) (/home/yuwenhan/Software/texlive/2025/texmf-dist/tex/latex/amsfonts/umsa.fd) (/home/yuwenhan/Software/texlive/2025/texmf-dist/tex/latex/amsfonts/umsb.fd)

LaTeX Warning: File `heterogeneous_preferences.png' not found on input line 11.


/tmp/tmpiq52xnei/tmpu_plodjn:11: Package pdftex.def Error: File `heterogeneous_preferences.png' not found: using draft setting.

See the pdftex.def package documentation for explanation.
Type  H <return>  for immediate help.
 ...                                              
                                                  
l.11 ...\textwidth]{heterogeneous_preferences.png}
                                                  

[1{/home/yuwenhan/Software/texlive/2025/texmf-var/fonts/map/pdftex/updmap/pdftex.map}] (./tmpu_plodjn.aux) )
(see the transcript file for additional information)</home/yuwenhan/Software/texlive/2025/texmf-dist/fonts/type1/public/amsfonts/cm/cmbx10.pfb></home/yuwenhan/Software/texlive/2025/texmf-dist/fonts/type1/public/amsfonts/cm/cmr10.pfb></home/yuwenhan/Software/texlive/2025/texmf-dist/fonts/type1/public/amsfonts/cm/cmtt10.pfb>
Output written on tmpu_plodjn.pdf (1 page, 38672 bytes).
Transcript written on tmpu_plodjn.log.
Latexmk: Getting log file 'tmpu_plodjn.log'
Latexmk: Examining 'tmpu_plodjn.fls'
Latexmk: Examining 'tmpu_plodjn.log'
Latexmk: Log file says output to 'tmpu_plodjn.pdf'
Latexmk: Errors, in force_mode: so I tried finishing targets
Collected error summary (may duplicate other messages):
  pdflatex: Command for 'pdflatex' gave return code 1
      Refer to 'tmpu_plodjn.log' and/or above output for details

